  Source.cpp
c:\users\xiaomi\source\repos\sfml1\sfml1\level.h(60): warning C4244: return: преобразование "double" в "float", возможна потеря данных
c:\users\xiaomi\source\repos\sfml1\sfml1\level.h(144): warning C4244: инициализация: преобразование "double" в "float", возможна потеря данных
c:\users\xiaomi\source\repos\sfml1\sfml1\level.h(145): warning C4244: =: преобразование "float" в "int", возможна потеря данных
c:\users\xiaomi\source\repos\sfml1\sfml1\level.h(185): warning C4244: аргумент: преобразование "int" в "float", возможна потеря данных
c:\users\xiaomi\source\repos\sfml1\sfml1\level.h(242): warning C4244: аргумент: преобразование "int" в "float", возможна потеря данных
c:\users\xiaomi\source\repos\sfml1\sfml1\level.h(263): warning C4244: =: преобразование "int" в "T", возможна потеря данных
          with
          [
              T=float
          ]
c:\users\xiaomi\source\repos\sfml1\sfml1\level.h(264): warning C4244: =: преобразование "int" в "T", возможна потеря данных
          with
          [
              T=float
          ]
c:\users\xiaomi\source\repos\sfml1\sfml1\level.h(265): warning C4244: =: преобразование "int" в "T", возможна потеря данных
          with
          [
              T=float
          ]
c:\users\xiaomi\source\repos\sfml1\sfml1\level.h(266): warning C4244: =: преобразование "int" в "T", возможна потеря данных
          with
          [
              T=float
          ]
c:\users\xiaomi\source\repos\sfml1\sfml1\source.cpp(90): warning C4244: =: преобразование "int" в "float", возможна потеря данных
c:\users\xiaomi\source\repos\sfml1\sfml1\source.cpp(91): warning C4244: =: преобразование "int" в "float", возможна потеря данных
c:\users\xiaomi\source\repos\sfml1\sfml1\source.cpp(92): warning C4244: =: преобразование "int" в "float", возможна потеря данных
c:\users\xiaomi\source\repos\sfml1\sfml1\source.cpp(247): warning C4244: аргумент: преобразование "T" в "int", возможна потеря данных
          with
          [
              T=float
          ]
c:\users\xiaomi\source\repos\sfml1\sfml1\source.cpp(250): warning C4244: аргумент: преобразование "T" в "int", возможна потеря данных
          with
          [
              T=float
          ]
c:\users\xiaomi\source\repos\sfml1\sfml1\source.cpp(267): warning C4244: =: преобразование "sf::Int64" в "float", возможна потеря данных
c:\users\xiaomi\source\repos\sfml1\sfml1\source.cpp(348): warning C4244: аргумент: преобразование "int" в "T", возможна потеря данных
          with
          [
              T=float
          ]
c:\users\xiaomi\source\repos\sfml1\sfml1\source.cpp(358): warning C4305: +=: усечение из "double" в "float"
c:\users\xiaomi\source\repos\sfml1\sfml1\source.cpp(378): warning C4305: +=: усечение из "double" в "float"
c:\users\xiaomi\source\repos\sfml1\sfml1\source.cpp(414): warning C4305: +=: усечение из "double" в "float"
c:\users\xiaomi\source\repos\sfml1\sfml1\source.cpp(423): warning C4305: +=: усечение из "double" в "float"
c:\users\xiaomi\source\repos\sfml1\sfml1\source.cpp(424): warning C4305: =: усечение из "double" в "float"
c:\users\xiaomi\source\repos\sfml1\sfml1\source.cpp(438): warning C4305: +=: усечение из "double" в "float"
c:\users\xiaomi\source\repos\sfml1\sfml1\source.cpp(447): warning C4305: +=: усечение из "double" в "float"
c:\users\xiaomi\source\repos\sfml1\sfml1\source.cpp(448): warning C4305: =: усечение из "double" в "float"
c:\users\xiaomi\source\repos\sfml1\sfml1\source.cpp(474): warning C4244: +=: преобразование "double" в "float", возможна потеря данных
c:\users\xiaomi\source\repos\sfml1\sfml1\source.cpp(483): warning C4551: в вызове функции отсутствует список аргументов
c:\users\xiaomi\source\repos\sfml1\sfml1\source.cpp(567): warning C4305: +=: усечение из "double" в "float"
c:\users\xiaomi\source\repos\sfml1\sfml1\source.cpp(594): warning C4305: +=: усечение из "double" в "float"
c:\users\xiaomi\source\repos\sfml1\sfml1\source.cpp(618): warning C4305: +=: усечение из "double" в "float"
c:\users\xiaomi\source\repos\sfml1\sfml1\source.cpp(639): warning C4244: =: преобразование "float" в "int", возможна потеря данных
c:\users\xiaomi\source\repos\sfml1\sfml1\source.cpp(640): warning C4244: =: преобразование "float" в "int", возможна потеря данных
c:\users\xiaomi\source\repos\sfml1\sfml1\source.cpp(648): warning C4244: аргумент: преобразование "int" в "float", возможна потеря данных
c:\users\xiaomi\source\repos\sfml1\sfml1\source.cpp(650): warning C4244: аргумент: преобразование "int" в "float", возможна потеря данных
c:\users\xiaomi\source\repos\sfml1\sfml1\source.cpp(656): warning C4244: аргумент: преобразование "int" в "float", возможна потеря данных
c:\users\xiaomi\source\repos\sfml1\sfml1\source.cpp(662): warning C4244: аргумент: преобразование "int" в "float", возможна потеря данных
c:\users\xiaomi\source\repos\sfml1\sfml1\source.cpp(668): warning C4244: аргумент: преобразование "int" в "float", возможна потеря данных
c:\users\xiaomi\source\repos\sfml1\sfml1\source.cpp(674): warning C4305: +=: усечение из "double" в "float"
c:\users\xiaomi\source\repos\sfml1\sfml1\source.cpp(686): warning C4244: =: преобразование "float" в "int", возможна потеря данных
c:\users\xiaomi\source\repos\sfml1\sfml1\source.cpp(687): warning C4244: =: преобразование "float" в "int", возможна потеря данных
c:\users\xiaomi\source\repos\sfml1\sfml1\source.cpp(695): warning C4244: аргумент: преобразование "int" в "float", возможна потеря данных
  Создание кода
  0 of 820 functions ( 0.0%) were compiled, the rest were copied from previous compilation.
    0 functions were new in current compilation
    0 functions had inline decision re-evaluated but remain unchanged
  Создание кода завершено
  SFML1.vcxproj -> C:\Users\Xiaomi\source\repos\SFML1\x64\Release\SFML1.exe
