  Source.cpp
c:\users\xiaomi\source\repos\sfml1\sfml1\level.h(60): warning C4244: return: преобразование "double" в "float", возможна потеря данных
c:\users\xiaomi\source\repos\sfml1\sfml1\level.h(144): warning C4244: инициализация: преобразование "double" в "float", возможна потеря данных
c:\users\xiaomi\source\repos\sfml1\sfml1\level.h(145): warning C4244: =: преобразование "float" в "int", возможна потеря данных
c:\users\xiaomi\source\repos\sfml1\sfml1\level.h(185): warning C4244: аргумент: преобразование "int" в "float", возможна потеря данных
c:\users\xiaomi\source\repos\sfml1\sfml1\level.h(242): warning C4244: аргумент: преобразование "int" в "float", возможна потеря данных
c:\users\xiaomi\source\repos\sfml1\sfml1\level.h(263): warning C4244: =: преобразование "int" в "T", возможна потеря данных
          with
          [
              T=float
          ]
c:\users\xiaomi\source\repos\sfml1\sfml1\level.h(264): warning C4244: =: преобразование "int" в "T", возможна потеря данных
          with
          [
              T=float
          ]
c:\users\xiaomi\source\repos\sfml1\sfml1\level.h(265): warning C4244: =: преобразование "int" в "T", возможна потеря данных
          with
          [
              T=float
          ]
c:\users\xiaomi\source\repos\sfml1\sfml1\level.h(266): warning C4244: =: преобразование "int" в "T", возможна потеря данных
          with
          [
              T=float
          ]
c:\users\xiaomi\source\repos\sfml1\sfml1\source.cpp(70): warning C4244: =: преобразование "int" в "float", возможна потеря данных
c:\users\xiaomi\source\repos\sfml1\sfml1\source.cpp(71): warning C4244: =: преобразование "int" в "float", возможна потеря данных
c:\users\xiaomi\source\repos\sfml1\sfml1\source.cpp(72): warning C4244: =: преобразование "int" в "float", возможна потеря данных
c:\users\xiaomi\source\repos\sfml1\sfml1\source.cpp(100): warning C4244: аргумент: преобразование "int" в "T", возможна потеря данных
          with
          [
              T=float
          ]
c:\users\xiaomi\source\repos\sfml1\sfml1\source.cpp(149): warning C4305: =: усечение из "double" в "float"
c:\users\xiaomi\source\repos\sfml1\sfml1\source.cpp(215): warning C4244: аргумент: преобразование "T" в "int", возможна потеря данных
          with
          [
              T=float
          ]
c:\users\xiaomi\source\repos\sfml1\sfml1\source.cpp(232): warning C4244: =: преобразование "sf::Int64" в "float", возможна потеря данных
c:\users\xiaomi\source\repos\sfml1\sfml1\source.cpp(319): warning C4244: +=: преобразование "double" в "float", возможна потеря данных
c:\users\xiaomi\source\repos\sfml1\sfml1\level.h(312): warning C4715: Level::GetObject: значение возвращается не при всех путях выполнения
  SFML1.vcxproj -> C:\Users\Xiaomi\source\repos\SFML1\x64\Debug\SFML1.exe
